#
# There is insufficient memory for the Java Runtime Environment to continue.
# Native memory allocation (mmap) failed to map 67108864 bytes for Failed to commit area from 0x00000000c1600000 to 0x00000000c5600000 of length 67108864.
# Possible reasons:
#   The system is out of physical RAM or swap space
#   The process is running with CompressedOops enabled, and the Java Heap may be blocking the growth of the native heap
# Possible solutions:
#   Reduce memory load on the system
#   Increase physical memory or swap space
#   Check if swap backing store is full
#   Decrease Java heap size (-Xmx/-Xms)
#   Decrease number of Java threads
#   Decrease Java thread stack sizes (-Xss)
#   Set larger code cache with -XX:ReservedCodeCacheSize=
#   JVM is running with Unscaled Compressed Oops mode in which the Java heap is
#     placed in the first 4GB address space. The Java Heap base address is the
#     maximum limit for the native heap growth. Please use -XX:HeapBaseMinAddress
#     to set the Java Heap base and to place the Java Heap above 4GB virtual address.
# This output file may be truncated or incomplete.
#
#  Out of Memory Error (./open/src/hotspot/os/windows/os_windows.cpp:3315), pid=2380, tid=1484
#
# JRE version:  (14.0.2+12) (build )
# Java VM: OpenJDK 64-Bit Server VM (14.0.2+12-46, mixed mode, sharing, tiered, compressed oops, g1 gc, windows-amd64)
# No core dump will be written. Minidumps are not enabled by default on client versions of Windows
#

---------------  S U M M A R Y ------------

Command Line: -javaagent:C:\Program Files\JetBrains\IntelliJ IDEA Community Edition 2020.2.1\lib\idea_rt.jar=50114:C:\Program Files\JetBrains\IntelliJ IDEA Community Edition 2020.2.1\bin -Dfile.encoding=UTF-8 Ex5_AvgGradesKt

Host: Intel(R) Core(TM) i5-5200U CPU @ 2.20GHz, 4 cores, 3G,  Windows 10 , 64 bit Build 19041 (10.0.19041.292)
Time: Sat Sep 12 15:08:43 2020 Hora oficial do Brasil elapsed time: 0 seconds (0d 0h 0m 0s)

---------------  T H R E A D  ---------------

Current thread (0x00000165688d9800):  JavaThread "Unknown thread" [_thread_in_vm, id=1484, stack(0x000000478d300000,0x000000478d400000)]

Stack: [0x000000478d300000,0x000000478d400000]
Native frames: (J=compiled Java code, j=interpreted, Vv=VM code, C=native code)
V  [jvm.dll+0x5f8a9a]
V  [jvm.dll+0x74247a]
V  [jvm.dll+0x743c2f]
V  [jvm.dll+0x744273]
V  [jvm.dll+0x20d288]
V  [jvm.dll+0x5f5dea]
V  [jvm.dll+0x5eac45]
V  [jvm.dll+0x2c7e9c]
V  [jvm.dll+0x2c7cd2]
V  [jvm.dll+0x2cdbbc]
V  [jvm.dll+0x313fe8]
V  [jvm.dll+0x313710]
V  [jvm.dll+0x2a092a]
V  [jvm.dll+0x2a1a79]
V  [jvm.dll+0x71fd48]
V  [jvm.dll+0x321c14]
V  [jvm.dll+0x70112c]
V  [jvm.dll+0x392def]
V  [jvm.dll+0x394e61]
C  [jli.dll+0x524b]
C  [ucrtbase.dll+0x214c2]
C  [KERNEL32.DLL+0x16fd4]
C  [ntdll.dll+0x4cec1]


---------------  P R O C E S S  ---------------

Threads class SMR info:
_java_thread_list=0x00007ff9ee0a3038, length=0, elements={
}

Java Threads: ( => current thread )

Other Threads:
  0x0000016568907000 GCTaskThread "GC Thread#0" [stack: 0x000000478d400000,0x000000478d500000] [id=9072]
  0x0000016568913800 ConcurrentGCThread "G1 Main Marker" [stack: 0x000000478d500000,0x000000478d600000] [id=9928]
  0x0000016568916800 ConcurrentGCThread "G1 Conc#0" [stack: 0x000000478d600000,0x000000478d700000] [id=6572]

[error occurred during error reporting (printing all threads), id 0xc0000005, EXCEPTION_ACCESS_VIOLATION (0xc0000005) at pc=0x00007ff9ed8d1257]

VM state:not at safepoint (not fully initialized)

VM Mutex/Monitor currently owned by a thread:  ([mutex/lock_event])
[0x00000165688d5660] Heap_lock - owner thread: 0x00000165688d9800

Heap address: 0x00000000c1600000, size: 1002 MB, Compressed Oops mode: 32-bit
Narrow klass base: 0x0000000000000000, Narrow klass shift: 0

GC Heap History (0 events):
No events

Deoptimization events (0 events):
No events

Classes unloaded (0 events):
No events

Classes redefined (0 events):
No events

Internal exceptions (0 events):
No events

Events (2 events):
Event: 0.125 Loaded shared library C:\Users\Mariana\.jdks\openjdk-14.0.2\bin\java.dll
Event: 0.125 Loaded shared library C:\Users\Mariana\.jdks\openjdk-14.0.2\bin\zip.dll


Dynamic libraries:
0x00007ff6c1720000 - 0x00007ff6c172d000 	C:\Users\Mariana\.jdks\openjdk-14.0.2\bin\java.exe
0x00007ffa28570000 - 0x00007ffa28765000 	C:\WINDOWS\SYSTEM32\ntdll.dll
0x00007ffa267c0000 - 0x00007ffa2687d000 	C:\WINDOWS\System32\KERNEL32.DLL
0x00007ffa260c0000 - 0x00007ffa26387000 	C:\WINDOWS\System32\KERNELBASE.dll
0x00007ffa25da0000 - 0x00007ffa25ea0000 	C:\WINDOWS\System32\ucrtbase.dll
0x00007ffa0f990000 - 0x00007ffa0f9a5000 	C:\Users\Mariana\.jdks\openjdk-14.0.2\bin\VCRUNTIME140.dll
0x00007ffa156d0000 - 0x00007ffa156e8000 	C:\Users\Mariana\.jdks\openjdk-14.0.2\bin\jli.dll
0x00007ffa282b0000 - 0x00007ffa28450000 	C:\WINDOWS\System32\USER32.dll
0x00007ffa25f30000 - 0x00007ffa25f52000 	C:\WINDOWS\System32\win32u.dll
0x00007ffa28450000 - 0x00007ffa2847a000 	C:\WINDOWS\System32\GDI32.dll
0x00007ffa264c0000 - 0x00007ffa265c9000 	C:\WINDOWS\System32\gdi32full.dll
0x00007ffa15bd0000 - 0x00007ffa15e6b000 	C:\WINDOWS\WinSxS\amd64_microsoft.windows.common-controls_6595b64144ccf1df_6.0.19041.488_none_ca04af081b815d21\COMCTL32.dll
0x00007ffa25d00000 - 0x00007ffa25d9d000 	C:\WINDOWS\System32\msvcp_win.dll
0x00007ffa26dd0000 - 0x00007ffa26e6e000 	C:\WINDOWS\System32\msvcrt.dll
0x00007ffa28280000 - 0x00007ffa282b0000 	C:\WINDOWS\System32\IMM32.DLL
0x00007ffa04850000 - 0x00007ffa048eb000 	C:\Users\Mariana\.jdks\openjdk-14.0.2\bin\msvcp140.dll
0x00007ff9ed620000 - 0x00007ff9ee13e000 	C:\Users\Mariana\.jdks\openjdk-14.0.2\bin\server\jvm.dll
0x00007ffa27a80000 - 0x00007ffa27b2a000 	C:\WINDOWS\System32\ADVAPI32.dll
0x00007ffa28150000 - 0x00007ffa281eb000 	C:\WINDOWS\System32\sechost.dll
0x00007ffa26ef0000 - 0x00007ffa27014000 	C:\WINDOWS\System32\RPCRT4.dll
0x00007ffa267b0000 - 0x00007ffa267b8000 	C:\WINDOWS\System32\PSAPI.DLL
0x00007ffa1ae60000 - 0x00007ffa1ae87000 	C:\WINDOWS\SYSTEM32\WINMM.dll
0x00007ffa19f50000 - 0x00007ffa19f5a000 	C:\WINDOWS\SYSTEM32\VERSION.dll
0x00007ffa16f90000 - 0x00007ffa16f99000 	C:\WINDOWS\SYSTEM32\WSOCK32.dll
0x00007ffa270c0000 - 0x00007ffa2712b000 	C:\WINDOWS\System32\WS2_32.dll
0x00007ffa23c10000 - 0x00007ffa23c23000 	C:\WINDOWS\SYSTEM32\kernel.appcore.dll
0x00007ffa11630000 - 0x00007ffa1163a000 	C:\Users\Mariana\.jdks\openjdk-14.0.2\bin\jimage.dll
0x00007ffa160e0000 - 0x00007ffa162c4000 	C:\WINDOWS\SYSTEM32\DBGHELP.DLL
0x00007ffa16b70000 - 0x00007ffa16b9c000 	C:\WINDOWS\SYSTEM32\dbgcore.DLL
0x00007ffa26390000 - 0x00007ffa2640f000 	C:\WINDOWS\System32\bcryptPrimitives.dll
0x00007ffa16fa0000 - 0x00007ffa16fae000 	C:\Users\Mariana\.jdks\openjdk-14.0.2\bin\instrument.dll
0x00007ffa050d0000 - 0x00007ffa050f5000 	C:\Users\Mariana\.jdks\openjdk-14.0.2\bin\java.dll
0x00007ffa0f970000 - 0x00007ffa0f986000 	C:\Users\Mariana\.jdks\openjdk-14.0.2\bin\zip.dll

dbghelp: loaded successfully - version: 4.0.5 - missing functions: none
symbol engine: initialized successfully - sym options: 0x614 - pdb path: .;C:\Users\Mariana\.jdks\openjdk-14.0.2\bin;C:\WINDOWS\SYSTEM32;C:\WINDOWS\WinSxS\amd64_microsoft.windows.common-controls_6595b64144ccf1df_6.0.19041.488_none_ca04af081b815d21;C:\Users\Mariana\.jdks\openjdk-14.0.2\bin\server

VM Arguments:
jvm_args: -javaagent:C:\Program Files\JetBrains\IntelliJ IDEA Community Edition 2020.2.1\lib\idea_rt.jar=50114:C:\Program Files\JetBrains\IntelliJ IDEA Community Edition 2020.2.1\bin -Dfile.encoding=UTF-8 
java_command: Ex5_AvgGradesKt
java_class_path (initial): C:\Users\Mariana\IdeaProjects\Ex5.AvgGrades\out\production\Ex5.AvgGrades;C:\Program Files\JetBrains\IntelliJ IDEA Community Edition 2020.2.1\plugins\Kotlin\kotlinc\lib\kotlin-stdlib.jar;C:\Program Files\JetBrains\IntelliJ IDEA Community Edition 2020.2.1\plugins\Kotlin\kotlinc\lib\kotlin-reflect.jar;C:\Program Files\JetBrains\IntelliJ IDEA Community Edition 2020.2.1\plugins\Kotlin\kotlinc\lib\kotlin-test.jar;C:\Program Files\JetBrains\IntelliJ IDEA Community Edition 2020.2.1\plugins\Kotlin\kotlinc\lib\kotlin-stdlib-jdk7.jar;C:\Program Files\JetBrains\IntelliJ IDEA Community Edition 2020.2.1\plugins\Kotlin\kotlinc\lib\kotlin-stdlib-jdk8.jar
Launcher Type: SUN_STANDARD

[Global flags]
     intx CICompilerCount                          = 3                                         {product} {ergonomic}
     uint ConcGCThreads                            = 1                                         {product} {ergonomic}
     uint G1ConcRefinementThreads                  = 4                                         {product} {ergonomic}
   size_t G1HeapRegionSize                         = 1048576                                   {product} {ergonomic}
    uintx GCDrainStackTargetSize                   = 64                                        {product} {ergonomic}
   size_t InitialHeapSize                          = 67108864                                  {product} {ergonomic}
   size_t MarkStackSize                            = 4194304                                   {product} {ergonomic}
   size_t MaxHeapSize                              = 1050673152                                {product} {ergonomic}
   size_t MinHeapDeltaBytes                        = 1048576                                   {product} {ergonomic}
   size_t MinHeapSize                              = 8388608                                   {product} {ergonomic}
    uintx NonNMethodCodeHeapSize                   = 5832780                                {pd product} {ergonomic}
    uintx NonProfiledCodeHeapSize                  = 122912730                              {pd product} {ergonomic}
    uintx ProfiledCodeHeapSize                     = 122912730                              {pd product} {ergonomic}
    uintx ReservedCodeCacheSize                    = 251658240                              {pd product} {ergonomic}
     bool SegmentedCodeCache                       = true                                      {product} {ergonomic}
   size_t SoftMaxHeapSize                          = 1050673152                             {manageable} {ergonomic}
     bool UseCompressedClassPointers               = true                                 {lp64_product} {ergonomic}
     bool UseCompressedOops                        = true                                 {lp64_product} {ergonomic}
     bool UseG1GC                                  = true                                      {product} {ergonomic}
     bool UseLargePagesIndividualAllocation        = false                                  {pd product} {ergonomic}

Logging:
Log output configuration:
 #0: stdout all=warning uptime,level,tags
 #1: stderr all=off uptime,level,tags

Environment Variables:
PATH=C:\Program Files (x86)\Common Files\Oracle\Java\javapath;C:\Program Files (x86)\Intel\iCLS Client\;C:\Program Files\Intel\iCLS Client\;C:\WINDOWS\system32;C:\WINDOWS;C:\WINDOWS\System32\Wbem;C:\WINDOWS\System32\WindowsPowerShell\v1.0\;C:\Program Files (x86)\Intel\Intel(R) Management Engine Components\DAL;C:\Program Files\Intel\Intel(R) Management Engine Components\DAL;C:\Program Files (x86)\Intel\Intel(R) Management Engine Components\IPT;C:\Program Files\Intel\Intel(R) Management Engine Components\IPT;C:\WINDOWS\System32\OpenSSH\;C:\Program Files\Common Files\Autodesk Shared\;C:\IGTI\;C:\Program Files\Git\cmd;C:\Users\Mariana\AppData\Local\Microsoft\WindowsApps;C:\Users\Mariana\AppData\Roaming\npm;C:\Program Files\MongoDB\Server\4.2\bin;
USERNAME=Mariana
OS=Windows_NT
PROCESSOR_IDENTIFIER=Intel64 Family 6 Model 61 Stepping 4, GenuineIntel



---------------  S Y S T E M  ---------------

OS: Windows 10 , 64 bit Build 19041 (10.0.19041.292)
OS uptime: 1 days 5:24 hours

CPU:total 4 (initial active 4) (2 cores per cpu, 2 threads per core) family 6 model 61 stepping 4, cmov, cx8, fxsr, mmx, sse, sse2, sse3, ssse3, sse4.1, sse4.2, popcnt, avx, avx2, aes, clmul, erms, 3dnowpref, lzcnt, ht, tsc, tscinvbit, bmi1, bmi2, adx, fma

Memory: 4k page, system-wide physical 4006M (256M free)
TotalPageFile size 5402M (AvailPageFile size 21M)
current process WorkingSet (physical memory assigned to process): 10M, peak: 10M
current process commit charge ("private bytes"): 51M, peak: 115M

vm_info: OpenJDK 64-Bit Server VM (14.0.2+12-46) for windows-amd64 JRE (14.0.2+12-46), built on Jul  9 2020 00:31:16 by "mach5one" with MS VC++ 15.9 (VS2017)

END.
